{
  "0 info pnpm:global": "Nothing to stop. No server is running for the store at C:\\Users\\Pedja\\.pnpm-store\\2",
  "1 debug pnpm:scope": {
    "selected": 1
  },
  "2 debug pnpm": {
    "isCaseSensitive": false,
    "store": "C:\\Users\\Pedja\\.pnpm-store\\2"
  },
  "3 debug pnpm:package-manifest": {
    "initial": {},
    "prefix": "C:\\Users\\Pedja\\AppData\\Roaming\\npm\\pnpm-global\\3"
  },
  "4 debug pnpm:stage": {
    "prefix": "C:\\Users\\Pedja\\AppData\\Roaming\\npm\\pnpm-global\\3",
    "stage": "resolution_started"
  },
  "5 debug pnpm:_dependency_resolved": {
    "resolution": "registry.npmjs.org/pnpm/4.11.6",
    "wanted": {
      "name": "pnpm",
      "rawSpec": "latest"
    }
  },
  "6 debug pnpm:progress": {
    "packageId": "registry.npmjs.org/pnpm/4.11.6",
    "requester": "C:\\Users\\Pedja\\AppData\\Roaming\\npm\\pnpm-global\\3",
    "status": "resolved"
  },
  "7 debug pnpm:stage": {
    "prefix": "C:\\Users\\Pedja\\AppData\\Roaming\\npm\\pnpm-global\\3",
    "stage": "resolution_done"
  },
  "8 debug pnpm:package-manifest": {
    "prefix": "C:\\Users\\Pedja\\AppData\\Roaming\\npm\\pnpm-global\\3",
    "updated": {
      "dependencies": {
        "pnpm": "^4.11.6"
      }
    }
  },
  "9 debug pnpm:stats": {
    "prefix": "C:\\Users\\Pedja\\AppData\\Roaming\\npm\\pnpm-global\\3",
    "removed": 0
  },
  "10 debug pnpm:stage": {
    "prefix": "C:\\Users\\Pedja\\AppData\\Roaming\\npm\\pnpm-global\\3",
    "stage": "importing_started"
  },
  "11 debug pnpm:stats": {
    "added": 1,
    "prefix": "C:\\Users\\Pedja\\AppData\\Roaming\\npm\\pnpm-global\\3"
  },
  "12 debug pnpm:progress": {
    "packageId": "registry.npmjs.org/pnpm/4.11.6",
    "requester": "C:\\Users\\Pedja\\AppData\\Roaming\\npm\\pnpm-global\\3",
    "status": "found_in_store"
  },
  "13 debug pnpm:stage": {
    "prefix": "C:\\Users\\Pedja\\AppData\\Roaming\\npm\\pnpm-global\\3",
    "stage": "importing_done"
  },
  "14 debug pnpm:link": {
    "target": "C:\\Users\\Pedja\\AppData\\Roaming\\npm\\pnpm-global\\3\\node_modules\\.pnpm\\registry.npmjs.org\\pnpm\\4.11.6\\node_modules\\pnpm",
    "link": "C:\\Users\\Pedja\\AppData\\Roaming\\npm\\pnpm-global\\3\\node_modules\\pnpm"
  },
  "15 error pnpm": {
    "message": {
      "errno": -4048,
      "code": "EPERM",
      "syscall": "open",
      "path": "C:\\Users\\Pedja\\AppData\\Roaming\\npm\\pnpm"
    },
    "err": {
      "name": "Error",
      "message": "EPERM: operation not permitted, open 'C:\\Users\\Pedja\\AppData\\Roaming\\npm\\pnpm'",
      "code": "EPERM",
      "stack": "Error: EPERM: operation not permitted, open 'C:\\Users\\Pedja\\AppData\\Roaming\\npm\\pnpm'"
    }
  }
}